<?xml version="1.0" encoding="UTF-8"?>
<!-- Generated by org.testng.reporters.JUnitXMLReporter -->
<testsuite ignored="0" hostname="Venkatesh" failures="0" tests="4" name="PetStoreTest" time="8.771" errors="0" timestamp="2025-06-15T12:34:20 IST">
  <testcase classname="com.api.test.UserModuleTestCases_readDataFromPropertyFile" name="testUserCreation" time="2.867"/>
  <testcase classname="com.api.test.UserModuleTestCases_readDataFromPropertyFile" name="testGetUser" time="1.33"/>
  <testcase classname="com.api.test.UserModuleTestCases_readDataFromPropertyFile" name="testUpdateUser" time="2.582"/>
  <testcase classname="com.api.test.UserModuleTestCases_readDataFromPropertyFile" name="testDeleteUser" time="1.285"/>
</testsuite> <!-- PetStoreTest -->
