<?xml version="1.0" encoding="UTF-8"?>
<testsuite xmlns:xsi="http://www.w3.org/2001/XMLSchema-instance" xsi:noNamespaceSchemaLocation="https://maven.apache.org/surefire/maven-surefire-plugin/xsd/surefire-test-report.xsd" version="3.0.2" name="TestSuite" time="9.836" tests="4" errors="0" skipped="0" failures="0">
  <properties>
[...]
</properties>
  <testcase name="testUserCreation" classname="com.api.test.UserModuleTestCases_readDataFromPropertyFile" time="2.889">
    <system-out><![CDATA[Test execution is started.........
HTTP/1.1 200 OK
Date: Sun, 15 Jun 2025 07:04:12 GMT
Content-Type: application/json
Transfer-Encoding: chunked
Connection: keep-alive
Access-Control-Allow-Origin: *
Access-Control-Allow-Methods: GET, POST, DELETE, PUT
Access-Control-Allow-Headers: Content-Type, api_key, Authorization
Server: Jetty(9.2.9.v20150224)

{
    "code": 200,
    "type": "unknown",
    "message": "28597262"
}
]]></system-out>
    <system-err><![CDATA[SLF4J(W): No SLF4J providers were found.
SLF4J(W): Defaulting to no-operation (NOP) logger implementation
SLF4J(W): See https://www.slf4j.org/codes.html#noProviders for further details.
]]></system-err>
  </testcase>
  <testcase name="testGetUser" classname="com.api.test.UserModuleTestCases_readDataFromPropertyFile" time="1.336">
    <system-out><![CDATA[HTTP/1.1 200 OK
Date: Sun, 15 Jun 2025 07:04:13 GMT
Content-Type: application/json
Transfer-Encoding: chunked
Connection: keep-alive
Access-Control-Allow-Origin: *
Access-Control-Allow-Methods: GET, POST, DELETE, PUT
Access-Control-Allow-Headers: Content-Type, api_key, Authorization
Server: Jetty(9.2.9.v20150224)

{
    "id": 28597262,
    "username": "markus.connelly",
    "firstName": "Kai",
    "lastName": "Bartell",
    "email": "burl.hartmann@example.com",
    "password": "hldor9",
    "phone": "977.854.7517",
    "userStatus": 0
}
]]></system-out>
  </testcase>
  <testcase name="testUpdateUser" classname="com.api.test.UserModuleTestCases_readDataFromPropertyFile" time="2.575">
    <system-out><![CDATA[HTTP/1.1 200 OK
Date: Sun, 15 Jun 2025 07:04:15 GMT
Content-Type: application/json
Transfer-Encoding: chunked
Connection: keep-alive
Access-Control-Allow-Origin: *
Access-Control-Allow-Methods: GET, POST, DELETE, PUT
Access-Control-Allow-Headers: Content-Type, api_key, Authorization
Server: Jetty(9.2.9.v20150224)

{
    "code": 200,
    "type": "unknown",
    "message": "28597262"
}
HTTP/1.1 200 OK
Date: Sun, 15 Jun 2025 07:04:16 GMT
Content-Type: application/json
Transfer-Encoding: chunked
Connection: keep-alive
Access-Control-Allow-Origin: *
Access-Control-Allow-Methods: GET, POST, DELETE, PUT
Access-Control-Allow-Headers: Content-Type, api_key, Authorization
Server: Jetty(9.2.9.v20150224)

{
    "id": 28597262,
    "username": "markus.connelly",
    "firstName": "Shaina",
    "lastName": "Harris",
    "email": "raleigh.casper@example.com",
    "password": "hldor9",
    "phone": "977.854.7517",
    "userStatus": 0
}
]]></system-out>
  </testcase>
  <testcase name="testDeleteUser" classname="com.api.test.UserModuleTestCases_readDataFromPropertyFile" time="1.285">
    <system-out><![CDATA[HTTP/1.1 200 OK
Date: Sun, 15 Jun 2025 07:04:17 GMT
Content-Type: application/json
Transfer-Encoding: chunked
Connection: keep-alive
Access-Control-Allow-Origin: *
Access-Control-Allow-Methods: GET, POST, DELETE, PUT
Access-Control-Allow-Headers: Content-Type, api_key, Authorization
Server: Jetty(9.2.9.v20150224)

{
    "code": 200,
    "type": "unknown",
    "message": "markus.connelly"
}
]]></system-out>
  </testcase>
</testsuite>