<?xml version="1.0" encoding="UTF-8"?>
<testng-results ignored="0" total="4" passed="4" failed="0" skipped="0">
  <reporter-output>
  </reporter-output>
  <suite started-at="2025-06-15T12:34:11 IST" name="PetStoreSuite" finished-at="2025-06-15T12:34:20 IST" duration-ms="8771">
    <groups>
    </groups>
    <test started-at="2025-06-15T12:34:11 IST" name="PetStoreTest" finished-at="2025-06-15T12:34:20 IST" duration-ms="8771">
      <class name="com.api.test.UserModuleTestCases_readDataFromPropertyFile">
        <test-method is-config="true" signature="testSetup()[pri:0, instance:com.api.test.UserModuleTestCases_readDataFromPropertyFile@5f8edcc5]" started-at="2025-06-15T12:34:11 IST" name="testSetup" finished-at="2025-06-15T12:34:12 IST" duration-ms="526" status="PASS">
          <reporter-output>
          </reporter-output>
        </test-method> <!-- testSetup -->
        <test-method signature="testUserCreation()[pri:1, instance:com.api.test.UserModuleTestCases_readDataFromPropertyFile@5f8edcc5]" started-at="2025-06-15T12:34:12 IST" name="testUserCreation" finished-at="2025-06-15T12:34:15 IST" duration-ms="2867" status="PASS">
          <reporter-output>
          </reporter-output>
        </test-method> <!-- testUserCreation -->
        <test-method signature="testGetUser()[pri:2, instance:com.api.test.UserModuleTestCases_readDataFromPropertyFile@5f8edcc5]" started-at="2025-06-15T12:34:15 IST" name="testGetUser" finished-at="2025-06-15T12:34:16 IST" duration-ms="1330" status="PASS">
          <reporter-output>
          </reporter-output>
        </test-method> <!-- testGetUser -->
        <test-method signature="testUpdateUser()[pri:3, instance:com.api.test.UserModuleTestCases_readDataFromPropertyFile@5f8edcc5]" started-at="2025-06-15T12:34:16 IST" name="testUpdateUser" finished-at="2025-06-15T12:34:19 IST" duration-ms="2582" status="PASS">
          <reporter-output>
          </reporter-output>
        </test-method> <!-- testUpdateUser -->
        <test-method signature="testDeleteUser()[pri:4, instance:com.api.test.UserModuleTestCases_readDataFromPropertyFile@5f8edcc5]" started-at="2025-06-15T12:34:19 IST" name="testDeleteUser" finished-at="2025-06-15T12:34:20 IST" duration-ms="1285" status="PASS">
          <reporter-output>
          </reporter-output>
        </test-method> <!-- testDeleteUser -->
      </class> <!-- com.api.test.UserModuleTestCases_readDataFromPropertyFile -->
    </test> <!-- PetStoreTest -->
  </suite> <!-- PetStoreSuite -->
</testng-results>
