<?xml version="1.0" encoding="UTF-8"?>
<!-- Generated by org.testng.reporters.JUnitXMLReporter -->
<testsuite ignored="0" hostname="Venkatesh" failures="0" tests="4" name="PetStoreTest" time="11.695" errors="0" timestamp="2025-06-15T12:01:30 IST">
  <testcase classname="com.api.test.UserModuleTestCases_readDataFromPropertyFile" name="testUserCreation" time="4.385"/>
  <testcase classname="com.api.test.UserModuleTestCases_readDataFromPropertyFile" name="testGetUser" time="1.646"/>
  <testcase classname="com.api.test.UserModuleTestCases_readDataFromPropertyFile" name="testUpdateUser" time="3.073"/>
  <testcase classname="com.api.test.UserModuleTestCases_readDataFromPropertyFile" name="testDeleteUser" time="1.529"/>
</testsuite> <!-- PetStoreTest -->
